[21:34:27] [main/INFO] (FabricLoader) Loading for game Minecraft 1.17
[21:34:29] [main/INFO] (Fabric|Loader) [FabricLoader] Loading 48 mods:
	- doph@1.1.0
	- fabric@0.36.0+1.17
	- fabric-api-base@0.3.0+a02b44633d
	- fabric-api-lookup-api-v1@1.2.0+2b5c62d03d
	- fabric-biome-api-v1@3.1.11+c345aea83d
	- fabric-blockrenderlayer-v1@1.1.5+a02b44633d
	- fabric-command-api-v1@1.1.1+a02b44633d
	- fabric-commands-v0@0.2.2+92519afa3d
	- fabric-containers-v0@0.1.12+a02b44633d
	- fabric-content-registries-v0@0.2.2+a02b44633d
	- fabric-crash-report-info-v1@0.1.5+be9da3103d
	- fabric-dimensions-v1@2.0.10+a02b44633d
	- fabric-entity-events-v1@1.1.0+a02b44633d
	- fabric-events-interaction-v0@0.4.9+a722d8c03d
	- fabric-events-lifecycle-v0@0.2.1+92519afa3d
	- fabric-game-rule-api-v1@1.0.6+a02b44633d
	- fabric-item-api-v1@1.2.4+a02b44633d
	- fabric-item-groups-v0@0.2.10+b7ab61213d
	- fabric-key-binding-api-v1@1.0.4+a02b44633d
	- fabric-keybindings-v0@0.2.2+36b77c3e3d
	- fabric-lifecycle-events-v1@1.4.4+a02b44633d
	- fabric-loot-tables-v1@1.0.4+a02b44633d
	- fabric-mining-levels-v0@0.1.3+92519afa3d
	- fabric-models-v0@0.3.0+a02b44633d
	- fabric-networking-api-v1@1.0.11+b7ab61213d
	- fabric-networking-blockentity-v0@0.2.11+a02b44633d
	- fabric-networking-v0@0.3.2+92519afa3d
	- fabric-object-builder-api-v1@1.10.9+b7ab61213d
	- fabric-object-builders-v0@0.7.3+a02b44633d
	- fabric-particles-v1@0.2.4+a02b44633d
	- fabric-registry-sync-v0@0.7.10+e2961fee3d
	- fabric-renderer-api-v1@0.4.3+676f40fa3d
	- fabric-renderer-indigo@0.4.8+a02b44633d
	- fabric-renderer-registries-v1@3.2.0+a02b44633d
	- fabric-rendering-data-attachment-v1@0.1.5+a02b44633d
	- fabric-rendering-fluids-v1@0.1.13+a02b44633d
	- fabric-rendering-v0@1.1.2+92519afa3d
	- fabric-rendering-v1@1.6.0+a02b44633d
	- fabric-resource-loader-v0@0.4.7+b7ab61213d
	- fabric-screen-api-v1@1.0.4+155f865c3d
	- fabric-screen-handler-api-v1@1.1.8+a02b44633d
	- fabric-structure-api-v1@1.1.11+e36969833d
	- fabric-tag-extensions-v0@1.1.4+a02b44633d
	- fabric-textures-v0@1.0.6+a02b44633d
	- fabric-tool-attribute-api-v1@1.2.12+b7ab61213d
	- fabricloader@0.11.6
	- java@16
	- minecraft@1.17
[21:34:32] [main/INFO] (mixin) SpongePowered MIXIN Subsystem Version=0.8.2 Source=file:/Users/SAATHVIK/.gradle/caches/modules-2/files-2.1/net.fabricmc/sponge-mixin/0.9.4+mixin.0.8.2/ef410951e94c7f4939cc74c86f8df371827818a4/sponge-mixin-0.9.4+mixin.0.8.2.jar Service=Knot/Fabric Env=CLIENT
[21:34:33] [main/INFO] (Fabric|MixinBootstrap) Loaded Fabric development mappings for mixin remapper!
[21:34:33] [main/INFO] (mixin) Compatibility level set to JAVA_16
[21:34:35] [main/WARN] (mixin) @Mixin target net/minecraft/server/world/ServerWorld$ServerEntityHandler is public in fabric-lifecycle-events-v1.mixins.json:ServerWorldEntityLoaderMixin and should be specified in value
[21:34:35] [main/WARN] (mixin) @Mixin target net/minecraft/client/world/ClientWorld$ClientEntityHandler is public in fabric-lifecycle-events-v1.mixins.json:client.ClientWorldEntityLoaderMixin and should be specified in value
[21:34:35] [main/WARN] (mixin) @Mixin target net/minecraft/client/render/block/BlockModelRenderer$AmbientOcclusionCalculator is public in fabric-renderer-indigo.mixins.json:MixinAmbientOcclusionCalculator and should be specified in value
[21:34:35] [main/WARN] (mixin) @Mixin target net/minecraft/client/render/chunk/ChunkBuilder$BuiltChunk$RebuildTask is public in fabric-renderer-indigo.mixins.json:MixinChunkRebuildTask and should be specified in value
[21:34:35] [main/WARN] (mixin) @Mixin target net/minecraft/server/network/ServerPlayNetworkHandler$1 is public in fabric-events-interaction-v0.mixins.json:MixinServerPlayNetworkHandler and should be specified in value
[21:34:35] [main/WARN] (mixin) @Mixin target net/minecraft/village/TradeOffers$TypeAwareBuyForOneEmeraldFactory is public in fabric-object-builder-v1.mixins.json:TypeAwareTradeMixin and should be specified in value
[21:34:36] [main/WARN] (mixin) @Mixin target net/minecraft/client/font/FontManager$1 is public in fabric-resource-loader-v0.mixins.json:client.FontManagerResourceReloadListenerMixin and should be specified in value
[21:34:36] [main/WARN] (mixin) @Mixin target net/minecraft/server/command/GameRuleCommand$1 is public in fabric-game-rule-api-v1.mixins.json:GameRuleCommandVisitorMixin and should be specified in value
[21:34:36] [main/WARN] (mixin) @Mixin target net/minecraft/client/gui/screen/world/EditGameRulesScreen$RuleListWidget$1 is public in fabric-game-rule-api-v1.mixins.json:client.RuleListWidgetVisitorMixin and should be specified in value
[21:34:36] [main/WARN] (mixin) @Mixin target net/minecraft/server/world/ThreadedAnvilChunkStorage$EntityTracker is public in fabric-networking-api-v1.mixins.json:accessor.EntityTrackerAccessor and should be specified in value
[21:34:37] [main/WARN] (mixin) @Mixin target net/minecraft/client/particle/ParticleManager$SimpleSpriteProvider is public in fabric-particles-v1.mixins.json:ParticleManagerAccessor$SimpleSpriteProviderAccessor and should be specified in value
[21:34:37] [main/WARN] (mixin) @Mixin target net/minecraft/data/server/AbstractTagProvider$ObjectBuilder is public in fabric-tag-extensions-v0.mixins.json:MixinObjectBuilder and should be specified in value
[21:34:37] [main/WARN] (mixin) @Mixin target net/minecraft/tag/RequiredTagList$TagWrapper is public in fabric-tag-extensions-v0.mixins.json:MixinTagImpl and should be specified in value
[21:34:40] [main/WARN] (FileUtil) Configuration conflict: there is more than one oshi.properties file on the classpath
[21:34:40] [main/WARN] (FileUtil) Configuration conflict: there is more than one oshi.architecture.properties file on the classpath
[21:34:57] [Render thread/INFO] (Minecraft) Environment: authHost='https://authserver.mojang.com', accountsHost='https://api.mojang.com', sessionHost='https://sessionserver.mojang.com', servicesHost='https://api.minecraftservices.com', name='PROD'
[21:35:00] [Render thread/ERROR] (Minecraft) Failed to verify authentication
com.mojang.authlib.exceptions.InvalidCredentialsException: Status: 401
	at com.mojang.authlib.exceptions.MinecraftClientHttpException.toAuthenticationException(MinecraftClientHttpException.java:56) ~[authlib-2.3.31.jar:?]
	at com.mojang.authlib.yggdrasil.YggdrasilSocialInteractionsService.checkPrivileges(YggdrasilSocialInteractionsService.java:112) ~[authlib-2.3.31.jar:?]
	at com.mojang.authlib.yggdrasil.YggdrasilSocialInteractionsService.<init>(YggdrasilSocialInteractionsService.java:42) ~[authlib-2.3.31.jar:?]
	at com.mojang.authlib.yggdrasil.YggdrasilAuthenticationService.createSocialInteractionsService(YggdrasilAuthenticationService.java:151) ~[authlib-2.3.31.jar:?]
	at net.minecraft.client.MinecraftClient.createSocialInteractionsService(MinecraftClient.java:672) [minecraft-1.17-mapped-net.fabricmc.yarn-1.17+build.13-v2.jar:?]
	at net.minecraft.client.MinecraftClient.<init>(MinecraftClient.java:431) [minecraft-1.17-mapped-net.fabricmc.yarn-1.17+build.13-v2.jar:?]
	at net.minecraft.client.main.Main.main(Main.java:179) [minecraft-1.17-mapped-net.fabricmc.yarn-1.17+build.13-v2.jar:?]
	at jdk.internal.reflect.NativeMethodAccessorImpl.invoke0(Native Method) ~[?:?]
	at jdk.internal.reflect.NativeMethodAccessorImpl.invoke(NativeMethodAccessorImpl.java:78) ~[?:?]
	at jdk.internal.reflect.DelegatingMethodAccessorImpl.invoke(DelegatingMethodAccessorImpl.java:43) ~[?:?]
	at java.lang.reflect.Method.invoke(Method.java:567) ~[?:?]
	at net.fabricmc.loader.game.MinecraftGameProvider.launch(MinecraftGameProvider.java:234) [fabric-loader-0.11.6.jar:?]
	at net.fabricmc.loader.launch.knot.Knot.launch(Knot.java:153) [fabric-loader-0.11.6.jar:?]
	at net.fabricmc.loader.launch.knot.KnotClient.main(KnotClient.java:28) [fabric-loader-0.11.6.jar:?]
	at net.fabricmc.devlaunchinjector.Main.main(Main.java:86) [dev-launch-injector-0.2.1+build.8.jar:?]
Caused by: com.mojang.authlib.exceptions.MinecraftClientHttpException: Status: 401
	at com.mojang.authlib.minecraft.client.MinecraftClient.readInputStream(MinecraftClient.java:77) ~[authlib-2.3.31.jar:?]
	at com.mojang.authlib.minecraft.client.MinecraftClient.get(MinecraftClient.java:47) ~[authlib-2.3.31.jar:?]
	at com.mojang.authlib.yggdrasil.YggdrasilSocialInteractionsService.checkPrivileges(YggdrasilSocialInteractionsService.java:104) ~[authlib-2.3.31.jar:?]
	... 13 more
[21:35:00] [Render thread/INFO] (Minecraft) Setting user: Player700
[21:35:00] [Render thread/WARN] (mixin) @Inject(@At("INVOKE")) Shift.BY=3 on fabric-lifecycle-events-v1.mixins.json:client.WorldChunkMixin::handler$zzn000$onLoadBlockEntity exceeds the maximum allowed value: 0. Increase the value of maxShiftBy to suppress this warning.
[21:35:01] [Render thread/INFO] (Indigo) [Indigo] Registering Indigo renderer!
[21:35:02] [Render thread/INFO] (Minecraft) Backend library: LWJGL version 3.2.1 build 12
[21:35:08] [Render thread/INFO] (Minecraft) Reloading ResourceManager: Default, Fabric Mods (Fabric Networking Block Entity (v0), Fabric Screen Handler API (v1), Fabric Renderer API (v1), Fabric Key Bindings (v0), Fabric Command API (v1), Fabric Loader, Fabric Screen API (v1), Fabric Tool Attribute API (v1), Fabric Renderer - Indigo, Fabric Structure API (v1), Fabric Containers (v0), Fabric Dimensions API (v1), Fabric Object Builder API (v1), Fabric Crash Report Info (v1), Fabric Events Interaction (v0), Fabric Item API (v1), Fabric Game Rule API (v1), Fabric Entity Events (v1), Fabric API Base, Fabric Rendering (v0), Fabric Key Binding API (v1), Fabric Rendering (v1), Fabric Rendering Data Attachment (v1), Fabric Resource Loader (v0), Fabric Textures (v0), Fabric Content Registries (v0), Fabric Tag Extensions (v0), Fabric Biome API (v1), Fabric Rendering Fluids (v1), DingOnProjectileHit, Fabric Registry Sync (v0), Fabric Commands (v0), Fabric BlockRenderLayer Registration (v1), Fabric Lifecycle Events (v1), Fabric Mining Levels (v0), Fabric Renderer Registries (v1), Fabric Networking API (v1), Fabric Events Lifecycle (v0), Fabric Loot Tables (v1), Fabric API, Fabric Models (v0), Fabric Item Groups (v0), Fabric Particles (v1), Fabric Object Builders (v0), Fabric Networking (v0), Fabric API Lookup API (v1))
[21:35:09] [Realms Notification Availability checker #1/INFO] (Minecraft) Could not authorize you against Realms server: Invalid session id
[21:35:58] [Render thread/INFO] (Minecraft) OpenAL initialized.
[21:35:58] [Render thread/INFO] (Minecraft) Sound engine started
[21:35:59] [Render thread/INFO] (Minecraft) Created: 1024x1024x4 minecraft:textures/atlas/blocks.png-atlas
[21:36:00] [Render thread/INFO] (Minecraft) Created: 256x128x4 minecraft:textures/atlas/signs.png-atlas
[21:36:00] [Render thread/INFO] (Minecraft) Created: 1024x512x4 minecraft:textures/atlas/banner_patterns.png-atlas
[21:36:00] [Render thread/INFO] (Minecraft) Created: 1024x512x4 minecraft:textures/atlas/shield_patterns.png-atlas
[21:36:00] [Render thread/INFO] (Minecraft) Created: 256x256x4 minecraft:textures/atlas/chest.png-atlas
[21:36:00] [Render thread/INFO] (Minecraft) Created: 512x256x4 minecraft:textures/atlas/beds.png-atlas
[21:36:00] [Render thread/INFO] (Minecraft) Created: 512x256x4 minecraft:textures/atlas/shulker_boxes.png-atlas
[21:36:04] [Render thread/INFO] (Minecraft) Created: 256x256x0 minecraft:textures/atlas/particles.png-atlas
[21:36:04] [Render thread/INFO] (Minecraft) Created: 256x256x0 minecraft:textures/atlas/paintings.png-atlas
[21:36:04] [Render thread/INFO] (Minecraft) Created: 256x128x0 minecraft:textures/atlas/mob_effects.png-atlas
[21:36:25] [Render thread/INFO] (BiomeModificationImpl) Applied 0 biome modifications to 0 of 81 new biomes in 3.830 ms
[21:36:28] [Render thread/WARN] (Minecraft) Ambiguity between arguments [teleport, location] and [teleport, destination] with inputs: [0.1 -0.5 .9, 0 0 0]
[21:36:28] [Render thread/WARN] (Minecraft) Ambiguity between arguments [teleport, location] and [teleport, targets] with inputs: [0.1 -0.5 .9, 0 0 0]
[21:36:28] [Render thread/WARN] (Minecraft) Ambiguity between arguments [teleport, destination] and [teleport, targets] with inputs: [Player, 0123, @e, dd12be42-52a9-4a91-a8a1-11c01849e498]
[21:36:28] [Render thread/WARN] (Minecraft) Ambiguity between arguments [teleport, targets] and [teleport, destination] with inputs: [Player, 0123, dd12be42-52a9-4a91-a8a1-11c01849e498]
[21:36:28] [Render thread/WARN] (Minecraft) Ambiguity between arguments [teleport, targets, location] and [teleport, targets, destination] with inputs: [0.1 -0.5 .9, 0 0 0]
[21:36:28] [Render thread/INFO] (Minecraft) Reloading ResourceManager: Default, Fabric Mods (Fabric Tool Attribute API (v1))
[21:36:34] [Render thread/INFO] (Minecraft) Loaded 7 recipes
[21:36:35] [Render thread/INFO] (Minecraft) Loaded 1137 advancements
[21:36:38] [Render thread/INFO] (Minecraft) Environment: authHost='https://authserver.mojang.com', accountsHost='https://api.mojang.com', sessionHost='https://sessionserver.mojang.com', servicesHost='https://api.minecraftservices.com', name='PROD'
[21:36:38] [Server thread/INFO] (Minecraft) Starting integrated minecraft server version 1.17
[21:36:38] [Server thread/INFO] (Minecraft) Generating keypair
[21:36:54] [Server thread/INFO] (Minecraft) Preparing start region for dimension minecraft:overworld
[21:36:56] [Render thread/INFO] (Minecraft) Preparing spawn area: 0%
[21:36:56] [Render thread/INFO] (Minecraft) Preparing spawn area: 0%
[21:36:56] [Render thread/INFO] (Minecraft) Preparing spawn area: 0%
[21:36:56] [Render thread/INFO] (Minecraft) Preparing spawn area: 0%
[21:36:56] [Render thread/INFO] (Minecraft) Preparing spawn area: 0%
[21:36:57] [Render thread/INFO] (Minecraft) Preparing spawn area: 0%
[21:36:57] [Render thread/INFO] (Minecraft) Preparing spawn area: 0%
[21:36:58] [Render thread/INFO] (Minecraft) Preparing spawn area: 0%
[21:36:58] [Render thread/INFO] (Minecraft) Preparing spawn area: 0%
[21:36:59] [Render thread/INFO] (Minecraft) Preparing spawn area: 0%
[21:36:59] [Render thread/INFO] (Minecraft) Preparing spawn area: 0%
[21:37:00] [Render thread/INFO] (Minecraft) Preparing spawn area: 0%
[21:37:00] [Render thread/INFO] (Minecraft) Preparing spawn area: 0%
[21:37:01] [Render thread/INFO] (Minecraft) Preparing spawn area: 0%
[21:37:01] [Render thread/INFO] (Minecraft) Preparing spawn area: 0%
[21:37:02] [Render thread/INFO] (Minecraft) Preparing spawn area: 0%
[21:37:02] [Render thread/INFO] (Minecraft) Preparing spawn area: 0%
[21:37:03] [Render thread/INFO] (Minecraft) Preparing spawn area: 1%
[21:37:03] [Render thread/INFO] (Minecraft) Preparing spawn area: 1%
[21:37:04] [Render thread/INFO] (Minecraft) Preparing spawn area: 1%
[21:37:04] [Render thread/INFO] (Minecraft) Preparing spawn area: 2%
[21:37:05] [Render thread/INFO] (Minecraft) Preparing spawn area: 2%
[21:37:05] [Render thread/INFO] (Minecraft) Preparing spawn area: 2%
[21:37:06] [Render thread/INFO] (Minecraft) Preparing spawn area: 2%
[21:37:06] [Render thread/INFO] (Minecraft) Preparing spawn area: 2%
[21:37:07] [Render thread/INFO] (Minecraft) Preparing spawn area: 3%
[21:37:07] [Render thread/INFO] (Minecraft) Preparing spawn area: 3%
[21:37:08] [Render thread/INFO] (Minecraft) Preparing spawn area: 3%
[21:37:08] [Render thread/INFO] (Minecraft) Preparing spawn area: 3%
[21:37:09] [Render thread/INFO] (Minecraft) Preparing spawn area: 3%
[21:37:09] [Render thread/INFO] (Minecraft) Preparing spawn area: 3%
[21:37:10] [Render thread/INFO] (Minecraft) Preparing spawn area: 4%
[21:37:10] [Render thread/INFO] (Minecraft) Preparing spawn area: 4%
[21:37:11] [Render thread/INFO] (Minecraft) Preparing spawn area: 5%
[21:37:11] [Render thread/INFO] (Minecraft) Preparing spawn area: 5%
[21:37:12] [Render thread/INFO] (Minecraft) Preparing spawn area: 5%
[21:37:12] [Render thread/INFO] (Minecraft) Preparing spawn area: 5%
[21:37:13] [Render thread/INFO] (Minecraft) Preparing spawn area: 5%
[21:37:13] [Render thread/INFO] (Minecraft) Preparing spawn area: 5%
[21:37:14] [Render thread/INFO] (Minecraft) Preparing spawn area: 5%
[21:37:14] [Render thread/INFO] (Minecraft) Preparing spawn area: 5%
[21:37:15] [Render thread/INFO] (Minecraft) Preparing spawn area: 5%
[21:37:15] [Render thread/INFO] (Minecraft) Preparing spawn area: 5%
[21:37:16] [Render thread/INFO] (Minecraft) Preparing spawn area: 7%
[21:37:16] [Render thread/INFO] (Minecraft) Preparing spawn area: 8%
[21:37:17] [Render thread/INFO] (Minecraft) Preparing spawn area: 8%
[21:37:17] [Render thread/INFO] (Minecraft) Preparing spawn area: 8%
[21:37:18] [Render thread/INFO] (Minecraft) Preparing spawn area: 8%
[21:37:18] [Render thread/INFO] (Minecraft) Preparing spawn area: 8%
[21:37:19] [Render thread/INFO] (Minecraft) Preparing spawn area: 8%
[21:37:19] [Render thread/INFO] (Minecraft) Preparing spawn area: 9%
[21:37:20] [Render thread/INFO] (Minecraft) Preparing spawn area: 9%
[21:37:20] [Render thread/INFO] (Minecraft) Preparing spawn area: 9%
[21:37:21] [Render thread/INFO] (Minecraft) Preparing spawn area: 9%
[21:37:21] [Render thread/INFO] (Minecraft) Preparing spawn area: 9%
[21:37:22] [Render thread/INFO] (Minecraft) Preparing spawn area: 9%
[21:37:22] [Render thread/INFO] (Minecraft) Preparing spawn area: 9%
[21:37:23] [Render thread/INFO] (Minecraft) Preparing spawn area: 9%
[21:37:23] [Render thread/INFO] (Minecraft) Preparing spawn area: 9%
[21:37:24] [Render thread/INFO] (Minecraft) Preparing spawn area: 9%
[21:37:24] [Render thread/INFO] (Minecraft) Preparing spawn area: 9%
[21:37:25] [Render thread/INFO] (Minecraft) Preparing spawn area: 9%
[21:37:25] [Render thread/INFO] (Minecraft) Preparing spawn area: 9%
[21:37:26] [Render thread/INFO] (Minecraft) Preparing spawn area: 9%
[21:37:26] [Render thread/INFO] (Minecraft) Preparing spawn area: 9%
[21:37:27] [Render thread/INFO] (Minecraft) Preparing spawn area: 9%
[21:37:27] [Render thread/INFO] (Minecraft) Preparing spawn area: 9%
[21:37:28] [Render thread/INFO] (Minecraft) Preparing spawn area: 9%
[21:37:28] [Render thread/INFO] (Minecraft) Preparing spawn area: 14%
[21:37:29] [Render thread/INFO] (Minecraft) Preparing spawn area: 15%
[21:37:29] [Render thread/INFO] (Minecraft) Preparing spawn area: 15%
[21:37:30] [Render thread/INFO] (Minecraft) Preparing spawn area: 15%
[21:37:30] [Render thread/INFO] (Minecraft) Preparing spawn area: 15%
[21:37:31] [Render thread/INFO] (Minecraft) Preparing spawn area: 15%
[21:37:31] [Render thread/INFO] (Minecraft) Preparing spawn area: 16%
[21:37:32] [Render thread/INFO] (Minecraft) Preparing spawn area: 16%
[21:37:32] [Render thread/INFO] (Minecraft) Preparing spawn area: 16%
[21:37:33] [Render thread/INFO] (Minecraft) Preparing spawn area: 16%
[21:37:33] [Render thread/INFO] (Minecraft) Preparing spawn area: 16%
[21:37:34] [Render thread/INFO] (Minecraft) Preparing spawn area: 16%
[21:37:34] [Render thread/INFO] (Minecraft) Preparing spawn area: 16%
[21:37:35] [Render thread/INFO] (Minecraft) Preparing spawn area: 16%
[21:37:35] [Render thread/INFO] (Minecraft) Preparing spawn area: 16%
[21:37:36] [Render thread/INFO] (Minecraft) Preparing spawn area: 16%
[21:37:36] [Render thread/INFO] (Minecraft) Preparing spawn area: 16%
[21:37:37] [Render thread/INFO] (Minecraft) Preparing spawn area: 16%
[21:37:37] [Render thread/INFO] (Minecraft) Preparing spawn area: 16%
[21:37:38] [Render thread/INFO] (Minecraft) Preparing spawn area: 16%
[21:37:38] [Render thread/INFO] (Minecraft) Preparing spawn area: 16%
[21:37:39] [Render thread/INFO] (Minecraft) Preparing spawn area: 16%
[21:37:39] [Render thread/INFO] (Minecraft) Preparing spawn area: 16%
[21:37:40] [Render thread/INFO] (Minecraft) Preparing spawn area: 16%
[21:37:40] [Render thread/INFO] (Minecraft) Preparing spawn area: 16%
[21:37:41] [Render thread/INFO] (Minecraft) Preparing spawn area: 16%
[21:37:41] [Render thread/INFO] (Minecraft) Preparing spawn area: 16%
[21:37:42] [Render thread/INFO] (Minecraft) Preparing spawn area: 16%
[21:37:42] [Render thread/INFO] (Minecraft) Preparing spawn area: 22%
[21:37:43] [Render thread/INFO] (Minecraft) Preparing spawn area: 22%
[21:37:43] [Render thread/INFO] (Minecraft) Preparing spawn area: 22%
[21:37:44] [Render thread/INFO] (Minecraft) Preparing spawn area: 22%
[21:37:44] [Render thread/INFO] (Minecraft) Preparing spawn area: 22%
[21:37:45] [Render thread/INFO] (Minecraft) Preparing spawn area: 22%
[21:37:45] [Render thread/INFO] (Minecraft) Preparing spawn area: 22%
[21:37:46] [Render thread/INFO] (Minecraft) Preparing spawn area: 22%
[21:37:46] [Render thread/INFO] (Minecraft) Preparing spawn area: 22%
[21:37:47] [Render thread/INFO] (Minecraft) Preparing spawn area: 22%
[21:37:47] [Render thread/INFO] (Minecraft) Preparing spawn area: 22%
[21:37:48] [Render thread/INFO] (Minecraft) Preparing spawn area: 22%
[21:37:48] [Render thread/INFO] (Minecraft) Preparing spawn area: 22%
[21:37:49] [Render thread/INFO] (Minecraft) Preparing spawn area: 22%
[21:37:49] [Render thread/INFO] (Minecraft) Preparing spawn area: 22%
[21:37:50] [Render thread/INFO] (Minecraft) Preparing spawn area: 22%
[21:37:50] [Render thread/INFO] (Minecraft) Preparing spawn area: 22%
[21:37:51] [Render thread/INFO] (Minecraft) Preparing spawn area: 22%
[21:37:51] [Render thread/INFO] (Minecraft) Preparing spawn area: 22%
[21:37:52] [Render thread/INFO] (Minecraft) Preparing spawn area: 22%
[21:37:52] [Render thread/INFO] (Minecraft) Preparing spawn area: 22%
[21:37:53] [Render thread/INFO] (Minecraft) Preparing spawn area: 22%
[21:37:53] [Render thread/INFO] (Minecraft) Preparing spawn area: 22%
[21:37:54] [Render thread/INFO] (Minecraft) Preparing spawn area: 22%
[21:37:54] [Render thread/INFO] (Minecraft) Preparing spawn area: 22%
[21:37:55] [Render thread/INFO] (Minecraft) Preparing spawn area: 22%
[21:37:55] [Render thread/INFO] (Minecraft) Preparing spawn area: 22%
[21:37:56] [Render thread/INFO] (Minecraft) Preparing spawn area: 29%
[21:37:56] [Render thread/INFO] (Minecraft) Preparing spawn area: 30%
[21:37:57] [Render thread/INFO] (Minecraft) Preparing spawn area: 30%
[21:37:57] [Render thread/INFO] (Minecraft) Preparing spawn area: 30%
[21:37:58] [Render thread/INFO] (Minecraft) Preparing spawn area: 30%
[21:37:58] [Render thread/INFO] (Minecraft) Preparing spawn area: 30%
[21:37:59] [Render thread/INFO] (Minecraft) Preparing spawn area: 30%
[21:37:59] [Render thread/INFO] (Minecraft) Preparing spawn area: 30%
[21:38:00] [Render thread/INFO] (Minecraft) Preparing spawn area: 30%
[21:38:00] [Render thread/INFO] (Minecraft) Preparing spawn area: 30%
[21:38:01] [Render thread/INFO] (Minecraft) Preparing spawn area: 32%
[21:38:01] [Render thread/INFO] (Minecraft) Preparing spawn area: 32%
[21:38:02] [Render thread/INFO] (Minecraft) Preparing spawn area: 32%
[21:38:02] [Render thread/INFO] (Minecraft) Preparing spawn area: 32%
[21:38:03] [Render thread/INFO] (Minecraft) Preparing spawn area: 32%
[21:38:03] [Render thread/INFO] (Minecraft) Preparing spawn area: 32%
[21:38:04] [Render thread/INFO] (Minecraft) Preparing spawn area: 33%
[21:38:10] [Render thread/INFO] (Minecraft) Preparing spawn area: 33%
[21:38:10] [Render thread/INFO] (Minecraft) Preparing spawn area: 33%
[21:38:10] [Render thread/INFO] (Minecraft) Preparing spawn area: 34%
[21:38:10] [Render thread/INFO] (Minecraft) Preparing spawn area: 34%
[21:38:10] [Render thread/INFO] (Minecraft) Preparing spawn area: 34%
[21:38:10] [Render thread/INFO] (Minecraft) Preparing spawn area: 34%
[21:38:10] [Render thread/INFO] (Minecraft) Preparing spawn area: 34%
[21:38:10] [Render thread/INFO] (Minecraft) Preparing spawn area: 34%
[21:38:10] [Render thread/INFO] (Minecraft) Preparing spawn area: 34%
[21:38:10] [Render thread/INFO] (Minecraft) Preparing spawn area: 34%
[21:38:10] [Render thread/INFO] (Minecraft) Preparing spawn area: 34%
[21:38:10] [Render thread/INFO] (Minecraft) Preparing spawn area: 34%
[21:38:10] [Render thread/INFO] (Minecraft) Preparing spawn area: 34%
[21:38:11] [Render thread/INFO] (Minecraft) Preparing spawn area: 37%
[21:38:15] [Render thread/INFO] (Minecraft) Preparing spawn area: 38%
[21:38:15] [Render thread/INFO] (Minecraft) Preparing spawn area: 38%
[21:38:15] [Render thread/INFO] (Minecraft) Preparing spawn area: 38%
[21:38:15] [Render thread/INFO] (Minecraft) Preparing spawn area: 38%
[21:38:15] [Render thread/INFO] (Minecraft) Preparing spawn area: 38%
[21:38:15] [Render thread/INFO] (Minecraft) Preparing spawn area: 39%
[21:38:15] [Render thread/INFO] (Minecraft) Preparing spawn area: 39%
[21:38:15] [Render thread/INFO] (Minecraft) Preparing spawn area: 39%
[21:38:15] [Render thread/INFO] (Minecraft) Preparing spawn area: 43%
[21:38:17] [Render thread/INFO] (Minecraft) Preparing spawn area: 43%
[21:38:17] [Render thread/INFO] (Minecraft) Preparing spawn area: 43%
[21:38:17] [Render thread/INFO] (Minecraft) Preparing spawn area: 44%
[21:38:21] [Render thread/INFO] (Minecraft) Preparing spawn area: 44%
[21:38:21] [Render thread/INFO] (Minecraft) Preparing spawn area: 44%
[21:38:21] [Render thread/INFO] (Minecraft) Preparing spawn area: 44%
[21:38:21] [Render thread/INFO] (Minecraft) Preparing spawn area: 44%
[21:38:21] [Render thread/INFO] (Minecraft) Preparing spawn area: 44%
[21:38:21] [Render thread/INFO] (Minecraft) Preparing spawn area: 44%
[21:38:21] [Render thread/INFO] (Minecraft) Preparing spawn area: 44%
[21:38:21] [Render thread/INFO] (Minecraft) Preparing spawn area: 49%
[21:38:25] [Render thread/INFO] (Minecraft) Preparing spawn area: 49%
[21:38:25] [Render thread/INFO] (Minecraft) Preparing spawn area: 49%
[21:38:25] [Render thread/INFO] (Minecraft) Preparing spawn area: 49%
[21:38:25] [Render thread/INFO] (Minecraft) Preparing spawn area: 49%
[21:38:25] [Render thread/INFO] (Minecraft) Preparing spawn area: 49%
[21:38:25] [Render thread/INFO] (Minecraft) Preparing spawn area: 49%
[21:38:25] [Render thread/INFO] (Minecraft) Preparing spawn area: 49%
[21:38:25] [Render thread/INFO] (Minecraft) Preparing spawn area: 49%
[21:38:25] [Render thread/INFO] (Minecraft) Preparing spawn area: 55%
[21:38:26] [Render thread/INFO] (Minecraft) Preparing spawn area: 55%
[21:38:27] [Render thread/INFO] (Minecraft) Preparing spawn area: 56%
[21:38:27] [Render thread/INFO] (Minecraft) Preparing spawn area: 56%
[21:38:29] [Render thread/INFO] (Minecraft) Preparing spawn area: 57%
[21:38:29] [Render thread/INFO] (Minecraft) Preparing spawn area: 57%
[21:38:29] [Render thread/INFO] (Minecraft) Preparing spawn area: 57%
[21:38:29] [Render thread/INFO] (Minecraft) Preparing spawn area: 57%
[21:38:33] [Render thread/INFO] (Minecraft) Preparing spawn area: 61%
[21:38:33] [Render thread/INFO] (Minecraft) Preparing spawn area: 61%
[21:38:33] [Render thread/INFO] (Minecraft) Preparing spawn area: 61%
[21:38:33] [Render thread/INFO] (Minecraft) Preparing spawn area: 62%
[21:38:33] [Render thread/INFO] (Minecraft) Preparing spawn area: 62%
[21:38:33] [Render thread/INFO] (Minecraft) Preparing spawn area: 62%
[21:38:33] [Render thread/INFO] (Minecraft) Preparing spawn area: 62%
[21:38:33] [Render thread/INFO] (Minecraft) Preparing spawn area: 68%
[21:38:33] [Render thread/INFO] (Minecraft) Preparing spawn area: 68%
[21:38:34] [Render thread/INFO] (Minecraft) Preparing spawn area: 69%
[21:38:35] [Render thread/INFO] (Minecraft) Preparing spawn area: 70%
[21:38:35] [Render thread/INFO] (Minecraft) Preparing spawn area: 70%
[21:38:36] [Render thread/INFO] (Minecraft) Preparing spawn area: 71%
[21:38:36] [Render thread/INFO] (Minecraft) Preparing spawn area: 72%
[21:38:40] [Render thread/INFO] (Minecraft) Preparing spawn area: 73%
[21:38:40] [Render thread/INFO] (Minecraft) Preparing spawn area: 73%
[21:38:40] [Render thread/INFO] (Minecraft) Preparing spawn area: 73%
[21:38:40] [Render thread/INFO] (Minecraft) Preparing spawn area: 73%
[21:38:40] [Render thread/INFO] (Minecraft) Preparing spawn area: 73%
[21:38:40] [Render thread/INFO] (Minecraft) Preparing spawn area: 73%
[21:38:40] [Render thread/INFO] (Minecraft) Preparing spawn area: 73%
[21:38:40] [Render thread/INFO] (Minecraft) Preparing spawn area: 79%
[21:38:43] [Render thread/INFO] (Minecraft) Preparing spawn area: 79%
[21:38:43] [Render thread/INFO] (Minecraft) Preparing spawn area: 79%
[21:38:43] [Render thread/INFO] (Minecraft) Preparing spawn area: 79%
[21:38:43] [Render thread/INFO] (Minecraft) Preparing spawn area: 79%
[21:38:43] [Render thread/INFO] (Minecraft) Preparing spawn area: 79%
[21:38:44] [Render thread/INFO] (Minecraft) Preparing spawn area: 84%
[21:38:44] [Render thread/INFO] (Minecraft) Preparing spawn area: 84%
[21:38:44] [Render thread/INFO] (Minecraft) Preparing spawn area: 84%
[21:38:48] [Render thread/INFO] (Minecraft) Preparing spawn area: 86%
[21:38:48] [Render thread/INFO] (Minecraft) Preparing spawn area: 86%
[21:38:48] [Render thread/INFO] (Minecraft) Preparing spawn area: 86%
[21:38:48] [Render thread/INFO] (Minecraft) Preparing spawn area: 86%
[21:38:48] [Render thread/INFO] (Minecraft) Preparing spawn area: 86%
[21:38:48] [Render thread/INFO] (Minecraft) Preparing spawn area: 86%
[21:38:48] [Render thread/INFO] (Minecraft) Preparing spawn area: 86%
[21:38:48] [Render thread/INFO] (Minecraft) Preparing spawn area: 86%
[21:38:52] [Render thread/INFO] (Minecraft) Preparing spawn area: 93%
[21:38:52] [Render thread/INFO] (Minecraft) Preparing spawn area: 93%
[21:38:52] [Render thread/INFO] (Minecraft) Preparing spawn area: 93%
[21:38:52] [Render thread/INFO] (Minecraft) Preparing spawn area: 93%
[21:38:52] [Render thread/INFO] (Minecraft) Preparing spawn area: 93%
[21:38:52] [Render thread/INFO] (Minecraft) Preparing spawn area: 93%
[21:38:52] [Render thread/INFO] (Minecraft) Preparing spawn area: 93%
[21:38:52] [Render thread/INFO] (Minecraft) Preparing spawn area: 93%
[21:38:53] [Render thread/INFO] (Minecraft) Time elapsed: 119012 ms
[21:38:54] [Server thread/INFO] (Minecraft) Changing view distance to 11, from 10
[21:38:56] [Server thread/WARN] (Minecraft) Can't keep up! Is the server overloaded? Running 2328ms or 46 ticks behind
[21:39:01] [Server thread/INFO] (Minecraft) Player700[local:E:50b58358] logged in with entity id 314 at (-158.5, 64.0, 27.5)
[21:39:01] [Server thread/INFO] (Minecraft) Player700 joined the game
[21:39:02] [Netty Local Client IO #0/INFO] (BiomeModificationImpl) Applied 0 biome modifications to 0 of 81 new biomes in 663.5 μs
[21:39:05] [Server thread/INFO] (Minecraft) Saving and pausing game...
[21:39:05] [Server thread/INFO] (Minecraft) Saving chunks for level 'ServerLevel[New World]'/minecraft:overworld
[21:39:06] [Render thread/INFO] (Minecraft) Loaded 0 advancements
[21:39:20] [Server thread/INFO] (Minecraft) Saving chunks for level 'ServerLevel[New World]'/minecraft:the_nether
[21:39:20] [Server thread/INFO] (Minecraft) Saving chunks for level 'ServerLevel[New World]'/minecraft:the_end
[21:39:20] [Server thread/WARN] (Minecraft) Can't keep up! Is the server overloaded? Running 9115ms or 182 ticks behind
[21:39:31] [Render thread/INFO] (Minecraft) [CHAT] [Debug]: Unable to open game mode switcher; no permission
[21:39:33] [Server thread/INFO] (Minecraft) Saving and pausing game...
[21:39:33] [Server thread/INFO] (Minecraft) Saving chunks for level 'ServerLevel[New World]'/minecraft:overworld
[21:39:36] [Server thread/INFO] (Minecraft) Saving chunks for level 'ServerLevel[New World]'/minecraft:the_nether
[21:39:36] [Server thread/INFO] (Minecraft) Saving chunks for level 'ServerLevel[New World]'/minecraft:the_end
[21:39:42] [Render thread/INFO] (Minecraft) Using default channel type
[21:39:42] [Render thread/INFO] (Minecraft) Started serving on 56370
[21:39:42] [Render thread/INFO] (Minecraft) [CHAT] Local game hosted on port 56370
[21:39:45] [Server thread/INFO] (Minecraft) [Player700: Set own game mode to Creative Mode]
[21:39:45] [Server thread/WARN] (Minecraft) Can't keep up! Is the server overloaded? Running 2086ms or 41 ticks behind
[21:39:45] [Render thread/INFO] (Minecraft) [CHAT] Set own game mode to Creative Mode
[21:40:04] [Render thread/INFO] (Minecraft) Loaded 2 advancements
[21:40:14] [Server thread/WARN] (Minecraft) Can't keep up! Is the server overloaded? Running 14673ms or 293 ticks behind
[21:40:32] [Server thread/WARN] (Minecraft) Can't keep up! Is the server overloaded? Running 2668ms or 53 ticks behind
[21:40:53] [Server thread/WARN] (Minecraft) Can't keep up! Is the server overloaded? Running 5800ms or 116 ticks behind
[21:41:30] [Server thread/WARN] (Minecraft) Can't keep up! Is the server overloaded? Running 2052ms or 41 ticks behind
[21:41:55] [Server thread/WARN] (Minecraft) Can't keep up! Is the server overloaded? Running 9635ms or 192 ticks behind
[21:42:53] [Server thread/WARN] (Minecraft) Can't keep up! Is the server overloaded? Running 2002ms or 40 ticks behind
[21:44:10] [Server thread/WARN] (Minecraft) Can't keep up! Is the server overloaded? Running 2042ms or 40 ticks behind
[21:44:39] [Server thread/WARN] (Minecraft) Can't keep up! Is the server overloaded? Running 14043ms or 280 ticks behind
[21:45:00] [Server thread/WARN] (Minecraft) Can't keep up! Is the server overloaded? Running 2031ms or 40 ticks behind
[21:45:08] [Server thread/INFO] (Minecraft) Player700 has made the advancement [Take Aim]
[21:45:08] [Render thread/INFO] (Minecraft) [CHAT] Player700 has made the advancement [Take Aim]
[21:45:08] [Render thread/INFO] (Minecraft) Loaded 7 advancements
[21:45:11] [Render thread/INFO] (Minecraft) Loaded 22 advancements
[21:45:18] [Server thread/WARN] (Minecraft) Can't keep up! Is the server overloaded? Running 2945ms or 58 ticks behind
[21:45:20] [Server thread/INFO] (Minecraft) [Player700: Set own game mode to Spectator Mode]
[21:45:21] [Render thread/INFO] (Minecraft) [CHAT] Set own game mode to Spectator Mode
[21:45:34] [Server thread/INFO] (Minecraft) [Player700: Applied effect Night Vision to Player700]
[21:45:34] [Render thread/INFO] (Minecraft) [CHAT] Applied effect Night Vision to Player700
[21:45:36] [Server thread/WARN] (Minecraft) Can't keep up! Is the server overloaded? Running 2648ms or 52 ticks behind
[21:45:51] [Render thread/INFO] (Minecraft) Loaded 22 advancements
[21:45:56] [Server thread/WARN] (Minecraft) Can't keep up! Is the server overloaded? Running 5589ms or 111 ticks behind
[21:46:03] [Server thread/INFO] (Minecraft) Player700 lost connection: Internal Exception: java.nio.channels.ClosedChannelException
[21:46:03] [Server thread/INFO] (Minecraft) Player700 left the game
[21:46:03] [Server thread/INFO] (Minecraft) Stopping singleplayer server as player logged out
[21:46:03] [Server thread/INFO] (Minecraft) Stopping server
[21:46:03] [Server thread/INFO] (Minecraft) Saving players
[21:46:03] [Server thread/INFO] (Minecraft) Saving worlds
[21:46:03] [Server thread/INFO] (Minecraft) Saving chunks for level 'ServerLevel[New World]'/minecraft:overworld
[21:46:06] [Server thread/INFO] (Minecraft) ThreadedAnvilChunkStorage (New World): All chunks are saved
[21:46:06] [Server thread/INFO] (Minecraft) Saving chunks for level 'ServerLevel[New World]'/minecraft:the_nether
[21:46:06] [Server thread/INFO] (Minecraft) ThreadedAnvilChunkStorage (DIM-1): All chunks are saved
[21:46:06] [Server thread/INFO] (Minecraft) Saving chunks for level 'ServerLevel[New World]'/minecraft:the_end
[21:46:06] [Server thread/INFO] (Minecraft) ThreadedAnvilChunkStorage (DIM1): All chunks are saved
[21:46:06] [Server thread/INFO] (Minecraft) ThreadedAnvilChunkStorage (New World): All chunks are saved
[21:46:07] [Server thread/INFO] (Minecraft) ThreadedAnvilChunkStorage (DIM-1): All chunks are saved
[21:46:07] [Server thread/INFO] (Minecraft) ThreadedAnvilChunkStorage (DIM1): All chunks are saved
[21:46:08] [Render thread/INFO] (Minecraft) Stopping!
